<?xml version="1.0" encoding="UTF-8"?>
<!-- Generated by org.testng.reporters.JUnitXMLReporter -->
<testsuite ignored="0" hostname="DESKTOP-DIEH0P6" failures="0" tests="5" name="Default test" time="42.807" errors="0" timestamp="2021-09-07T20:25:42 IST">
  <testcase classname="com.seleniumtest.seleniumtest.NewTest" name="testJbkTitle" time="8.675"/>
  <testcase classname="com.seleniumtest.seleniumtest.NewTest" name="testJbkTitleInvalid" time="3.95"/>
  <testcase classname="com.seleniumtest.seleniumtest.NewTest" name="testJbkTitlesubmit" time="10.207"/>
  <testcase classname="com.seleniumtest.seleniumtest.NewTest" name="testJbkTitlecheck" time="2.473"/>
  <testcase classname="com.seleniumtest.seleniumtest.NewTest" name="testJbkTitlescroll" time="6.575"/>
</testsuite> <!-- Default test -->
